<?xml version="1.0" encoding="UTF-8"?>
<coverage generated="1710536335065" clover="3.2.0">
  <project timestamp="1710536335065" name="All files">
    <metrics statements="134" coveredstatements="72" conditionals="60" coveredconditionals="9" methods="57" coveredmethods="22" elements="251" coveredelements="103" complexity="0" loc="134" ncloc="134" packages="2" files="17" classes="17"/>
    <package name="components">
      <metrics statements="95" coveredstatements="49" conditionals="52" coveredconditionals="9" methods="45" coveredmethods="17"/>
      <file name="AddItemButton.js" path="C:\Users\hp\Desktop\dip react.js\src\components\AddItemButton.js">
        <metrics statements="20" coveredstatements="1" conditionals="8" coveredconditionals="0" methods="13" coveredmethods="0"/>
        <line num="5" count="1" type="stmt"/>
        <line num="6" count="0" type="stmt"/>
        <line num="7" count="0" type="stmt"/>
        <line num="9" count="0" type="stmt"/>
        <line num="10" count="0" type="stmt"/>
        <line num="14" count="0" type="cond" truecount="0" falsecount="2"/>
        <line num="16" count="0" type="stmt"/>
        <line num="17" count="0" type="stmt"/>
        <line num="18" count="0" type="stmt"/>
        <line num="21" count="0" type="stmt"/>
        <line num="22" count="0" type="stmt"/>
        <line num="23" count="0" type="stmt"/>
        <line num="26" count="0" type="stmt"/>
        <line num="31" count="0" type="stmt"/>
        <line num="32" count="0" type="stmt"/>
        <line num="34" count="0" type="stmt"/>
        <line num="39" count="0" type="stmt"/>
        <line num="40" count="0" type="stmt"/>
        <line num="42" count="0" type="stmt"/>
        <line num="47" count="0" type="stmt"/>
      </file>
      <file name="Body.js" path="C:\Users\hp\Desktop\dip react.js\src\components\Body.js">
        <metrics statements="23" coveredstatements="21" conditionals="4" coveredconditionals="3" methods="10" coveredmethods="9"/>
        <line num="9" count="1" type="stmt"/>
        <line num="11" count="8" type="stmt"/>
        <line num="12" count="7" type="stmt"/>
        <line num="14" count="7" type="stmt"/>
        <line num="15" count="7" type="stmt"/>
        <line num="16" count="2" type="stmt"/>
        <line num="19" count="7" type="stmt"/>
        <line num="20" count="7" type="stmt"/>
        <line num="21" count="7" type="stmt"/>
        <line num="22" count="2" type="stmt"/>
        <line num="23" count="2" type="stmt"/>
        <line num="24" count="2" type="stmt"/>
        <line num="25" count="2" type="stmt"/>
        <line num="28" count="7" type="cond" truecount="1" falsecount="1"/>
        <line num="29" count="0" type="stmt"/>
        <line num="33" count="7" type="cond" truecount="2" falsecount="0"/>
        <line num="39" count="1" type="stmt"/>
        <line num="44" count="11" type="stmt"/>
        <line num="45" count="1" type="stmt"/>
        <line num="54" count="11" type="stmt"/>
        <line num="55" count="1" type="stmt"/>
        <line num="65" count="0" type="stmt"/>
        <line num="74" count="43" type="stmt"/>
      </file>
      <file name="CategoryCard.js" path="C:\Users\hp\Desktop\dip react.js\src\components\CategoryCard.js">
        <metrics statements="8" coveredstatements="1" conditionals="12" coveredconditionals="0" methods="5" coveredmethods="0"/>
        <line num="5" count="1" type="stmt"/>
        <line num="6" count="0" type="stmt"/>
        <line num="8" count="0" type="stmt"/>
        <line num="9" count="0" type="stmt"/>
        <line num="11" count="0" type="stmt"/>
        <line num="19" count="0" type="stmt"/>
        <line num="28" count="0" type="stmt"/>
        <line num="33" count="0" type="stmt"/>
      </file>
      <file name="ContactUs.js" path="C:\Users\hp\Desktop\dip react.js\src\components\ContactUs.js">
        <metrics statements="2" coveredstatements="2" conditionals="0" coveredconditionals="0" methods="1" coveredmethods="1"/>
        <line num="1" count="1" type="stmt"/>
        <line num="2" count="4" type="stmt"/>
      </file>
      <file name="FoodCard.js" path="C:\Users\hp\Desktop\dip react.js\src\components\FoodCard.js">
        <metrics statements="4" coveredstatements="1" conditionals="8" coveredconditionals="0" methods="1" coveredmethods="0"/>
        <line num="4" count="1" type="stmt"/>
        <line num="5" count="0" type="stmt"/>
        <line num="6" count="0" type="stmt"/>
        <line num="9" count="0" type="stmt"/>
      </file>
      <file name="InnerCategoryCard.js" path="C:\Users\hp\Desktop\dip react.js\src\components\InnerCategoryCard.js">
        <metrics statements="5" coveredstatements="1" conditionals="6" coveredconditionals="0" methods="3" coveredmethods="0"/>
        <line num="4" count="1" type="stmt"/>
        <line num="5" count="0" type="stmt"/>
        <line num="6" count="0" type="stmt"/>
        <line num="8" count="0" type="stmt"/>
        <line num="12" count="0" type="stmt"/>
      </file>
      <file name="Nav_bar.js" path="C:\Users\hp\Desktop\dip react.js\src\components\Nav_bar.js">
        <metrics statements="7" coveredstatements="7" conditionals="4" coveredconditionals="2" methods="3" coveredmethods="3"/>
        <line num="8" count="1" type="stmt"/>
        <line num="9" count="4" type="stmt"/>
        <line num="10" count="4" type="stmt"/>
        <line num="11" count="4" type="stmt"/>
        <line num="14" count="7" type="stmt"/>
        <line num="17" count="4" type="stmt"/>
        <line num="32" count="1" type="cond" truecount="1" falsecount="1"/>
      </file>
      <file name="RestaurantMenu.js" path="C:\Users\hp\Desktop\dip react.js\src\components\RestaurantMenu.js">
        <metrics statements="17" coveredstatements="6" conditionals="6" coveredconditionals="1" methods="6" coveredmethods="1"/>
        <line num="8" count="1" type="stmt"/>
        <line num="9" count="1" type="stmt"/>
        <line num="10" count="1" type="stmt"/>
        <line num="11" count="1" type="stmt"/>
        <line num="12" count="1" type="stmt"/>
        <line num="13" count="1" type="cond" truecount="1" falsecount="1"/>
        <line num="16" count="0" type="stmt"/>
        <line num="19" count="0" type="stmt"/>
        <line num="20" count="0" type="stmt"/>
        <line num="22" count="0" type="stmt"/>
        <line num="23" count="0" type="stmt"/>
        <line num="28" count="0" type="stmt"/>
        <line num="40" count="0" type="stmt"/>
        <line num="45" count="0" type="stmt"/>
        <line num="46" count="0" type="stmt"/>
        <line num="53" count="0" type="stmt"/>
        <line num="58" count="0" type="stmt"/>
      </file>
      <file name="Restaurant_card.js" path="C:\Users\hp\Desktop\dip react.js\src\components\Restaurant_card.js">
        <metrics statements="5" coveredstatements="5" conditionals="4" coveredconditionals="3" methods="1" coveredmethods="1"/>
        <line num="2" count="2" type="stmt"/>
        <line num="3" count="44" type="stmt"/>
        <line num="5" count="44" type="stmt"/>
        <line num="6" count="44" type="stmt"/>
        <line num="8" count="44" type="stmt"/>
      </file>
      <file name="Shimmer.js" path="C:\Users\hp\Desktop\dip react.js\src\components\Shimmer.js">
        <metrics statements="2" coveredstatements="2" conditionals="0" coveredconditionals="0" methods="1" coveredmethods="1"/>
        <line num="1" count="2" type="stmt"/>
        <line num="2" count="3" type="stmt"/>
      </file>
      <file name="sum.js" path="C:\Users\hp\Desktop\dip react.js\src\components\sum.js">
        <metrics statements="2" coveredstatements="2" conditionals="0" coveredconditionals="0" methods="1" coveredmethods="1"/>
        <line num="2" count="1" type="stmt"/>
        <line num="3" count="1" type="stmt"/>
      </file>
    </package>
    <package name="utils">
      <metrics statements="39" coveredstatements="23" conditionals="8" coveredconditionals="0" methods="12" coveredmethods="5"/>
      <file name="UserContext.js" path="C:\Users\hp\Desktop\dip react.js\src\utils\UserContext.js">
        <metrics statements="1" coveredstatements="1" conditionals="0" coveredconditionals="0" methods="0" coveredmethods="0"/>
        <line num="3" count="2" type="stmt"/>
      </file>
      <file name="appStore.js" path="C:\Users\hp\Desktop\dip react.js\src\utils\appStore.js">
        <metrics statements="1" coveredstatements="1" conditionals="0" coveredconditionals="0" methods="0" coveredmethods="0"/>
        <line num="5" count="2" type="stmt"/>
      </file>
      <file name="cartSlice.js" path="C:\Users\hp\Desktop\dip react.js\src\utils\cartSlice.js">
        <metrics statements="16" coveredstatements="2" conditionals="8" coveredconditionals="0" methods="5" coveredmethods="0"/>
        <line num="3" count="2" type="stmt"/>
        <line num="11" count="0" type="stmt"/>
        <line num="12" count="0" type="stmt"/>
        <line num="13" count="0" type="cond" truecount="0" falsecount="2"/>
        <line num="14" count="0" type="stmt"/>
        <line num="16" count="0" type="cond" truecount="0" falsecount="2"/>
        <line num="19" count="0" type="stmt"/>
        <line num="20" count="0" type="stmt"/>
        <line num="21" count="0" type="cond" truecount="0" falsecount="2"/>
        <line num="22" count="0" type="stmt"/>
        <line num="23" count="0" type="cond" truecount="0" falsecount="2"/>
        <line num="24" count="0" type="stmt"/>
        <line num="26" count="0" type="stmt"/>
        <line num="31" count="0" type="stmt"/>
        <line num="32" count="0" type="stmt"/>
        <line num="37" count="2" type="stmt"/>
      </file>
      <file name="constants.js" path="C:\Users\hp\Desktop\dip react.js\src\utils\constants.js">
        <metrics statements="4" coveredstatements="4" conditionals="0" coveredconditionals="0" methods="0" coveredmethods="0"/>
        <line num="1" count="4" type="stmt"/>
        <line num="3" count="4" type="stmt"/>
        <line num="5" count="4" type="stmt"/>
        <line num="7" count="4" type="stmt"/>
      </file>
      <file name="useOnlineStatus.js" path="C:\Users\hp\Desktop\dip react.js\src\utils\useOnlineStatus.js">
        <metrics statements="8" coveredstatements="6" conditionals="0" coveredconditionals="0" methods="4" coveredmethods="2"/>
        <line num="3" count="2" type="stmt"/>
        <line num="4" count="11" type="stmt"/>
        <line num="5" count="11" type="stmt"/>
        <line num="6" count="5" type="stmt"/>
        <line num="7" count="0" type="stmt"/>
        <line num="9" count="5" type="stmt"/>
        <line num="10" count="0" type="stmt"/>
        <line num="13" count="11" type="stmt"/>
      </file>
      <file name="useRestaurantMenu.js" path="C:\Users\hp\Desktop\dip react.js\src\utils\useRestaurantMenu.js">
        <metrics statements="9" coveredstatements="9" conditionals="0" coveredconditionals="0" methods="3" coveredmethods="3"/>
        <line num="4" count="1" type="stmt"/>
        <line num="5" count="1" type="stmt"/>
        <line num="6" count="1" type="stmt"/>
        <line num="7" count="1" type="stmt"/>
        <line num="9" count="1" type="stmt"/>
        <line num="10" count="1" type="stmt"/>
        <line num="11" count="1" type="stmt"/>
        <line num="12" count="1" type="stmt"/>
        <line num="14" count="1" type="stmt"/>
      </file>
    </package>
  </project>
</coverage>
