{"C:\\Users\\hp\\Desktop\\dip react.js\\src\\components\\AddItemButton.js": {"path":"C:\\Users\\hp\\Desktop\\dip react.js\\src\\components\\AddItemButton.js","statementMap":{"0":{"start":{"line":5,"column":22},"end":{"line":51,"column":1}},"1":{"start":{"line":6,"column":24},"end":{"line":6,"column":69}},"2":{"start":{"line":6,"column":47},"end":{"line":6,"column":68}},"3":{"start":{"line":7,"column":19},"end":{"line":7,"column":32}},"4":{"start":{"line":9,"column":35},"end":{"line":9,"column":50}},"5":{"start":{"line":10,"column":35},"end":{"line":10,"column":50}},"6":{"start":{"line":14,"column":28},"end":{"line":14,"column":75}},"7":{"start":{"line":16,"column":24},"end":{"line":19,"column":3}},"8":{"start":{"line":17,"column":4},"end":{"line":17,"column":28}},"9":{"start":{"line":18,"column":4},"end":{"line":18,"column":43}},"10":{"start":{"line":18,"column":28},"end":{"line":18,"column":41}},"11":{"start":{"line":21,"column":27},"end":{"line":24,"column":3}},"12":{"start":{"line":22,"column":4},"end":{"line":22,"column":31}},"13":{"start":{"line":23,"column":4},"end":{"line":23,"column":56}},"14":{"start":{"line":23,"column":28},"end":{"line":23,"column":54}},"15":{"start":{"line":26,"column":2},"end":{"line":50,"column":4}},"16":{"start":{"line":31,"column":27},"end":{"line":31,"column":44}},"17":{"start":{"line":32,"column":26},"end":{"line":32,"column":44}},"18":{"start":{"line":34,"column":23},"end":{"line":34,"column":45}},"19":{"start":{"line":39,"column":27},"end":{"line":39,"column":44}},"20":{"start":{"line":40,"column":26},"end":{"line":40,"column":44}},"21":{"start":{"line":42,"column":23},"end":{"line":42,"column":42}},"22":{"start":{"line":47,"column":43},"end":{"line":47,"column":62}}},"fnMap":{"0":{"name":"(anonymous_0)","decl":{"start":{"line":5,"column":22},"end":{"line":5,"column":23}},"loc":{"start":{"line":5,"column":36},"end":{"line":51,"column":1}},"line":5},"1":{"name":"(anonymous_1)","decl":{"start":{"line":6,"column":36},"end":{"line":6,"column":37}},"loc":{"start":{"line":6,"column":47},"end":{"line":6,"column":68}},"line":6},"2":{"name":"(anonymous_2)","decl":{"start":{"line":16,"column":24},"end":{"line":16,"column":25}},"loc":{"start":{"line":16,"column":34},"end":{"line":19,"column":3}},"line":16},"3":{"name":"(anonymous_3)","decl":{"start":{"line":18,"column":13},"end":{"line":18,"column":14}},"loc":{"start":{"line":18,"column":28},"end":{"line":18,"column":41}},"line":18},"4":{"name":"(anonymous_4)","decl":{"start":{"line":21,"column":27},"end":{"line":21,"column":28}},"loc":{"start":{"line":21,"column":37},"end":{"line":24,"column":3}},"line":21},"5":{"name":"(anonymous_5)","decl":{"start":{"line":23,"column":13},"end":{"line":23,"column":14}},"loc":{"start":{"line":23,"column":28},"end":{"line":23,"column":54}},"line":23},"6":{"name":"(anonymous_6)","decl":{"start":{"line":31,"column":21},"end":{"line":31,"column":22}},"loc":{"start":{"line":31,"column":27},"end":{"line":31,"column":44}},"line":31},"7":{"name":"(anonymous_7)","decl":{"start":{"line":32,"column":20},"end":{"line":32,"column":21}},"loc":{"start":{"line":32,"column":26},"end":{"line":32,"column":44}},"line":32},"8":{"name":"(anonymous_8)","decl":{"start":{"line":34,"column":17},"end":{"line":34,"column":18}},"loc":{"start":{"line":34,"column":23},"end":{"line":34,"column":45}},"line":34},"9":{"name":"(anonymous_9)","decl":{"start":{"line":39,"column":21},"end":{"line":39,"column":22}},"loc":{"start":{"line":39,"column":27},"end":{"line":39,"column":44}},"line":39},"10":{"name":"(anonymous_10)","decl":{"start":{"line":40,"column":20},"end":{"line":40,"column":21}},"loc":{"start":{"line":40,"column":26},"end":{"line":40,"column":44}},"line":40},"11":{"name":"(anonymous_11)","decl":{"start":{"line":42,"column":17},"end":{"line":42,"column":18}},"loc":{"start":{"line":42,"column":23},"end":{"line":42,"column":42}},"line":42},"12":{"name":"(anonymous_12)","decl":{"start":{"line":47,"column":37},"end":{"line":47,"column":38}},"loc":{"start":{"line":47,"column":43},"end":{"line":47,"column":62}},"line":47}},"branchMap":{"0":{"loc":{"start":{"line":14,"column":37},"end":{"line":14,"column":74}},"type":"binary-expr","locations":[{"start":{"line":14,"column":37},"end":{"line":14,"column":69}},{"start":{"line":14,"column":73},"end":{"line":14,"column":74}}],"line":14},"1":{"loc":{"start":{"line":28,"column":6},"end":{"line":47,"column":74}},"type":"cond-expr","locations":[{"start":{"line":29,"column":6},"end":{"line":45,"column":13}},{"start":{"line":47,"column":6},"end":{"line":47,"column":74}}],"line":28},"2":{"loc":{"start":{"line":33,"column":38},"end":{"line":33,"column":92}},"type":"cond-expr","locations":[{"start":{"line":33,"column":49},"end":{"line":33,"column":73}},{"start":{"line":33,"column":76},"end":{"line":33,"column":92}}],"line":33},"3":{"loc":{"start":{"line":41,"column":38},"end":{"line":41,"column":92}},"type":"cond-expr","locations":[{"start":{"line":41,"column":49},"end":{"line":41,"column":73}},{"start":{"line":41,"column":76},"end":{"line":41,"column":92}}],"line":41}},"s":{"0":1,"1":0,"2":0,"3":0,"4":0,"5":0,"6":0,"7":0,"8":0,"9":0,"10":0,"11":0,"12":0,"13":0,"14":0,"15":0,"16":0,"17":0,"18":0,"19":0,"20":0,"21":0,"22":0},"f":{"0":0,"1":0,"2":0,"3":0,"4":0,"5":0,"6":0,"7":0,"8":0,"9":0,"10":0,"11":0,"12":0},"b":{"0":[0,0],"1":[0,0],"2":[0,0],"3":[0,0]},"_coverageSchema":"1a1c01bbd47fc00a2c39e90264f33305004495a9","hash":"02544f46b628f6dd888f4c55346a763ade438952"}
,"C:\\Users\\hp\\Desktop\\dip react.js\\src\\components\\Body.js": {"path":"C:\\Users\\hp\\Desktop\\dip react.js\\src\\components\\Body.js","statementMap":{"0":{"start":{"line":9,"column":13},"end":{"line":80,"column":1}},"1":{"start":{"line":11,"column":39},"end":{"line":11,"column":51}},"2":{"start":{"line":12,"column":49},"end":{"line":12,"column":61}},"3":{"start":{"line":14,"column":25},"end":{"line":14,"column":42}},"4":{"start":{"line":15,"column":4},"end":{"line":17,"column":10}},"5":{"start":{"line":16,"column":8},"end":{"line":16,"column":19}},"6":{"start":{"line":19,"column":41},"end":{"line":19,"column":53}},"7":{"start":{"line":20,"column":41},"end":{"line":20,"column":64}},"8":{"start":{"line":21,"column":22},"end":{"line":26,"column":5}},"9":{"start":{"line":22,"column":19},"end":{"line":22,"column":170}},"10":{"start":{"line":23,"column":21},"end":{"line":23,"column":38}},"11":{"start":{"line":24,"column":8},"end":{"line":24,"column":96}},"12":{"start":{"line":25,"column":8},"end":{"line":25,"column":102}},"13":{"start":{"line":28,"column":4},"end":{"line":32,"column":5}},"14":{"start":{"line":29,"column":8},"end":{"line":31,"column":9}},"15":{"start":{"line":33,"column":4},"end":{"line":79,"column":6}},"16":{"start":{"line":39,"column":24},"end":{"line":39,"column":53}},"17":{"start":{"line":44,"column":45},"end":{"line":44,"column":136}},"18":{"start":{"line":44,"column":71},"end":{"line":44,"column":135}},"19":{"start":{"line":45,"column":24},"end":{"line":45,"column":55}},"20":{"start":{"line":54,"column":41},"end":{"line":54,"column":93}},"21":{"start":{"line":54,"column":70},"end":{"line":54,"column":92}},"22":{"start":{"line":55,"column":20},"end":{"line":55,"column":51}},"23":{"start":{"line":65,"column":31},"end":{"line":65,"column":58}},"24":{"start":{"line":74,"column":20},"end":{"line":74,"column":171}}},"fnMap":{"0":{"name":"(anonymous_0)","decl":{"start":{"line":9,"column":13},"end":{"line":9,"column":14}},"loc":{"start":{"line":9,"column":19},"end":{"line":80,"column":1}},"line":9},"1":{"name":"(anonymous_1)","decl":{"start":{"line":15,"column":14},"end":{"line":15,"column":15}},"loc":{"start":{"line":15,"column":20},"end":{"line":17,"column":5}},"line":15},"2":{"name":"(anonymous_2)","decl":{"start":{"line":21,"column":22},"end":{"line":21,"column":23}},"loc":{"start":{"line":21,"column":34},"end":{"line":26,"column":5}},"line":21},"3":{"name":"(anonymous_3)","decl":{"start":{"line":38,"column":30},"end":{"line":38,"column":31}},"loc":{"start":{"line":38,"column":35},"end":{"line":40,"column":21}},"line":38},"4":{"name":"(anonymous_4)","decl":{"start":{"line":43,"column":20},"end":{"line":43,"column":21}},"loc":{"start":{"line":43,"column":25},"end":{"line":47,"column":21}},"line":43},"5":{"name":"(anonymous_5)","decl":{"start":{"line":44,"column":62},"end":{"line":44,"column":63}},"loc":{"start":{"line":44,"column":71},"end":{"line":44,"column":135}},"line":44},"6":{"name":"(anonymous_6)","decl":{"start":{"line":53,"column":25},"end":{"line":53,"column":26}},"loc":{"start":{"line":53,"column":31},"end":{"line":57,"column":17}},"line":53},"7":{"name":"(anonymous_7)","decl":{"start":{"line":54,"column":63},"end":{"line":54,"column":64}},"loc":{"start":{"line":54,"column":70},"end":{"line":54,"column":92}},"line":54},"8":{"name":"(anonymous_8)","decl":{"start":{"line":65,"column":26},"end":{"line":65,"column":27}},"loc":{"start":{"line":65,"column":31},"end":{"line":65,"column":58}},"line":65},"9":{"name":"(anonymous_9)","decl":{"start":{"line":73,"column":36},"end":{"line":73,"column":37}},"loc":{"start":{"line":74,"column":20},"end":{"line":74,"column":171}},"line":74}},"branchMap":{"0":{"loc":{"start":{"line":28,"column":4},"end":{"line":32,"column":5}},"type":"if","locations":[{"start":{"line":28,"column":4},"end":{"line":32,"column":5}},{"start":{},"end":{}}],"line":28},"1":{"loc":{"start":{"line":33,"column":11},"end":{"line":79,"column":5}},"type":"cond-expr","locations":[{"start":{"line":33,"column":36},"end":{"line":33,"column":46}},{"start":{"line":34,"column":8},"end":{"line":77,"column":14}}],"line":33}},"s":{"0":1,"1":8,"2":7,"3":7,"4":7,"5":2,"6":7,"7":7,"8":7,"9":2,"10":2,"11":2,"12":2,"13":7,"14":0,"15":7,"16":1,"17":1,"18":11,"19":1,"20":1,"21":11,"22":1,"23":0,"24":43},"f":{"0":8,"1":2,"2":2,"3":1,"4":1,"5":11,"6":1,"7":11,"8":0,"9":43},"b":{"0":[0,7],"1":[2,5]},"_coverageSchema":"1a1c01bbd47fc00a2c39e90264f33305004495a9","hash":"78707a5e37248c366b628e9f9a5d1692e0f233a0"}
,"C:\\Users\\hp\\Desktop\\dip react.js\\src\\components\\CategoryCard.js": {"path":"C:\\Users\\hp\\Desktop\\dip react.js\\src\\components\\CategoryCard.js","statementMap":{"0":{"start":{"line":5,"column":21},"end":{"line":42,"column":1}},"1":{"start":{"line":6,"column":39},"end":{"line":6,"column":53}},"2":{"start":{"line":8,"column":25},"end":{"line":10,"column":9}},"3":{"start":{"line":9,"column":8},"end":{"line":9,"column":23}},"4":{"start":{"line":11,"column":4},"end":{"line":41,"column":5}},"5":{"start":{"line":19,"column":12},"end":{"line":24,"column":13}},"6":{"start":{"line":28,"column":12},"end":{"line":36,"column":13}},"7":{"start":{"line":33,"column":35},"end":{"line":33,"column":54}}},"fnMap":{"0":{"name":"(anonymous_0)","decl":{"start":{"line":5,"column":21},"end":{"line":5,"column":22}},"loc":{"start":{"line":5,"column":61},"end":{"line":42,"column":1}},"line":5},"1":{"name":"(anonymous_1)","decl":{"start":{"line":8,"column":25},"end":{"line":8,"column":26}},"loc":{"start":{"line":8,"column":31},"end":{"line":10,"column":9}},"line":8},"2":{"name":"(anonymous_2)","decl":{"start":{"line":18,"column":51},"end":{"line":18,"column":52}},"loc":{"start":{"line":18,"column":59},"end":{"line":24,"column":14}},"line":18},"3":{"name":"(anonymous_3)","decl":{"start":{"line":26,"column":31},"end":{"line":26,"column":32}},"loc":{"start":{"line":26,"column":45},"end":{"line":37,"column":9}},"line":26},"4":{"name":"(anonymous_4)","decl":{"start":{"line":33,"column":30},"end":{"line":33,"column":31}},"loc":{"start":{"line":33,"column":35},"end":{"line":33,"column":54}},"line":33}},"branchMap":{"0":{"loc":{"start":{"line":13,"column":80},"end":{"line":15,"column":53}},"type":"cond-expr","locations":[{"start":{"line":14,"column":8},"end":{"line":14,"column":81}},{"start":{"line":15,"column":10},"end":{"line":15,"column":53}}],"line":13},"1":{"loc":{"start":{"line":16,"column":33},"end":{"line":16,"column":57}},"type":"cond-expr","locations":[{"start":{"line":16,"column":46},"end":{"line":16,"column":50}},{"start":{"line":16,"column":53},"end":{"line":16,"column":57}}],"line":16},"2":{"loc":{"start":{"line":18,"column":10},"end":{"line":37,"column":10}},"type":"cond-expr","locations":[{"start":{"line":18,"column":30},"end":{"line":25,"column":9}},{"start":{"line":26,"column":10},"end":{"line":37,"column":10}}],"line":18},"3":{"loc":{"start":{"line":20,"column":32},"end":{"line":20,"column":58}},"type":"cond-expr","locations":[{"start":{"line":20,"column":45},"end":{"line":20,"column":47}},{"start":{"line":20,"column":50},"end":{"line":20,"column":58}}],"line":20},"4":{"loc":{"start":{"line":29,"column":32},"end":{"line":29,"column":88}},"type":"cond-expr","locations":[{"start":{"line":29,"column":45},"end":{"line":29,"column":62}},{"start":{"line":29,"column":65},"end":{"line":29,"column":88}}],"line":29},"5":{"loc":{"start":{"line":32,"column":28},"end":{"line":32,"column":62}},"type":"cond-expr","locations":[{"start":{"line":32,"column":50},"end":{"line":32,"column":54}},{"start":{"line":32,"column":57},"end":{"line":32,"column":62}}],"line":32}},"s":{"0":1,"1":0,"2":0,"3":0,"4":0,"5":0,"6":0,"7":0},"f":{"0":0,"1":0,"2":0,"3":0,"4":0},"b":{"0":[0,0],"1":[0,0],"2":[0,0],"3":[0,0],"4":[0,0],"5":[0,0]},"_coverageSchema":"1a1c01bbd47fc00a2c39e90264f33305004495a9","hash":"5e44615061883ba15f40db6e351b792407ad20e0"}
,"C:\\Users\\hp\\Desktop\\dip react.js\\src\\components\\ContactUs.js": {"path":"C:\\Users\\hp\\Desktop\\dip react.js\\src\\components\\ContactUs.js","statementMap":{"0":{"start":{"line":1,"column":18},"end":{"line":11,"column":1}},"1":{"start":{"line":2,"column":4},"end":{"line":10,"column":5}}},"fnMap":{"0":{"name":"(anonymous_0)","decl":{"start":{"line":1,"column":18},"end":{"line":1,"column":19}},"loc":{"start":{"line":1,"column":23},"end":{"line":11,"column":1}},"line":1}},"branchMap":{},"s":{"0":1,"1":4},"f":{"0":4},"b":{},"_coverageSchema":"1a1c01bbd47fc00a2c39e90264f33305004495a9","hash":"e99d406b2f4f5d49b87b70a51bce10ae86bb6d7a"}
,"C:\\Users\\hp\\Desktop\\dip react.js\\src\\components\\FoodCard.js": {"path":"C:\\Users\\hp\\Desktop\\dip react.js\\src\\components\\FoodCard.js","statementMap":{"0":{"start":{"line":4,"column":17},"end":{"line":29,"column":1}},"1":{"start":{"line":5,"column":19},"end":{"line":5,"column":24}},"2":{"start":{"line":6,"column":90},"end":{"line":6,"column":106}},"3":{"start":{"line":9,"column":4},"end":{"line":28,"column":5}}},"fnMap":{"0":{"name":"(anonymous_0)","decl":{"start":{"line":4,"column":17},"end":{"line":4,"column":18}},"loc":{"start":{"line":4,"column":28},"end":{"line":29,"column":1}},"line":4}},"branchMap":{"0":{"loc":{"start":{"line":13,"column":87},"end":{"line":13,"column":112}},"type":"cond-expr","locations":[{"start":{"line":13,"column":95},"end":{"line":13,"column":101}},{"start":{"line":13,"column":104},"end":{"line":13,"column":112}}],"line":13},"1":{"loc":{"start":{"line":14,"column":72},"end":{"line":14,"column":125}},"type":"binary-expr","locations":[{"start":{"line":14,"column":72},"end":{"line":14,"column":93}},{"start":{"line":14,"column":97},"end":{"line":14,"column":125}}],"line":14},"2":{"loc":{"start":{"line":15,"column":70},"end":{"line":15,"column":156}},"type":"cond-expr","locations":[{"start":{"line":15,"column":104},"end":{"line":15,"column":152}},{"start":{"line":15,"column":154},"end":{"line":15,"column":156}}],"line":15},"3":{"loc":{"start":{"line":25,"column":95},"end":{"line":25,"column":132}},"type":"cond-expr","locations":[{"start":{"line":25,"column":105},"end":{"line":25,"column":127}},{"start":{"line":25,"column":130},"end":{"line":25,"column":132}}],"line":25}},"s":{"0":1,"1":0,"2":0,"3":0},"f":{"0":0},"b":{"0":[0,0],"1":[0,0],"2":[0,0],"3":[0,0]},"_coverageSchema":"1a1c01bbd47fc00a2c39e90264f33305004495a9","hash":"8b3be24f4deb36fa23eb6cc3550b4a1e6bd39052"}
,"C:\\Users\\hp\\Desktop\\dip react.js\\src\\components\\InnerCategoryCard.js": {"path":"C:\\Users\\hp\\Desktop\\dip react.js\\src\\components\\InnerCategoryCard.js","statementMap":{"0":{"start":{"line":4,"column":26},"end":{"line":21,"column":1}},"1":{"start":{"line":5,"column":25},"end":{"line":7,"column":5}},"2":{"start":{"line":6,"column":8},"end":{"line":6,"column":22}},"3":{"start":{"line":8,"column":4},"end":{"line":20,"column":9}},"4":{"start":{"line":12,"column":16},"end":{"line":17,"column":17}}},"fnMap":{"0":{"name":"(anonymous_0)","decl":{"start":{"line":4,"column":26},"end":{"line":4,"column":27}},"loc":{"start":{"line":4,"column":66},"end":{"line":21,"column":1}},"line":4},"1":{"name":"(anonymous_1)","decl":{"start":{"line":5,"column":25},"end":{"line":5,"column":26}},"loc":{"start":{"line":5,"column":31},"end":{"line":7,"column":5}},"line":5},"2":{"name":"(anonymous_2)","decl":{"start":{"line":11,"column":42},"end":{"line":11,"column":43}},"loc":{"start":{"line":11,"column":50},"end":{"line":17,"column":18}},"line":11}},"branchMap":{"0":{"loc":{"start":{"line":10,"column":84},"end":{"line":10,"column":223}},"type":"cond-expr","locations":[{"start":{"line":10,"column":104},"end":{"line":10,"column":177}},{"start":{"line":10,"column":180},"end":{"line":10,"column":223}}],"line":10},"1":{"loc":{"start":{"line":10,"column":272},"end":{"line":10,"column":296}},"type":"cond-expr","locations":[{"start":{"line":10,"column":285},"end":{"line":10,"column":289}},{"start":{"line":10,"column":292},"end":{"line":10,"column":296}}],"line":10},"2":{"loc":{"start":{"line":13,"column":36},"end":{"line":13,"column":92}},"type":"cond-expr","locations":[{"start":{"line":13,"column":49},"end":{"line":13,"column":66}},{"start":{"line":13,"column":69},"end":{"line":13,"column":92}}],"line":13}},"s":{"0":1,"1":0,"2":0,"3":0,"4":0},"f":{"0":0,"1":0,"2":0},"b":{"0":[0,0],"1":[0,0],"2":[0,0]},"_coverageSchema":"1a1c01bbd47fc00a2c39e90264f33305004495a9","hash":"9a3ad06bf8b4dab09a4c1f9c118c41fdd191a6a3"}
,"C:\\Users\\hp\\Desktop\\dip react.js\\src\\components\\Nav_bar.js": {"path":"C:\\Users\\hp\\Desktop\\dip react.js\\src\\components\\Nav_bar.js","statementMap":{"0":{"start":{"line":8,"column":16},"end":{"line":38,"column":1}},"1":{"start":{"line":9,"column":25},"end":{"line":9,"column":42}},"2":{"start":{"line":10,"column":27},"end":{"line":10,"column":50}},"3":{"start":{"line":11,"column":39},"end":{"line":11,"column":56}},"4":{"start":{"line":14,"column":17},"end":{"line":14,"column":57}},"5":{"start":{"line":14,"column":40},"end":{"line":14,"column":56}},"6":{"start":{"line":17,"column":4},"end":{"line":37,"column":5}},"7":{"start":{"line":32,"column":66},"end":{"line":32,"column":139}}},"fnMap":{"0":{"name":"(anonymous_0)","decl":{"start":{"line":8,"column":16},"end":{"line":8,"column":17}},"loc":{"start":{"line":8,"column":21},"end":{"line":38,"column":1}},"line":8},"1":{"name":"(anonymous_1)","decl":{"start":{"line":14,"column":29},"end":{"line":14,"column":30}},"loc":{"start":{"line":14,"column":40},"end":{"line":14,"column":56}},"line":14},"2":{"name":"(anonymous_2)","decl":{"start":{"line":32,"column":59},"end":{"line":32,"column":60}},"loc":{"start":{"line":32,"column":66},"end":{"line":32,"column":139}},"line":32}},"branchMap":{"0":{"loc":{"start":{"line":25,"column":25},"end":{"line":25,"column":77}},"type":"cond-expr","locations":[{"start":{"line":25,"column":51},"end":{"line":25,"column":62}},{"start":{"line":25,"column":65},"end":{"line":25,"column":77}}],"line":25},"1":{"loc":{"start":{"line":32,"column":66},"end":{"line":32,"column":139}},"type":"cond-expr","locations":[{"start":{"line":32,"column":91},"end":{"line":32,"column":114}},{"start":{"line":32,"column":117},"end":{"line":32,"column":139}}],"line":32}},"s":{"0":1,"1":4,"2":4,"3":4,"4":4,"5":7,"6":4,"7":1},"f":{"0":4,"1":7,"2":1},"b":{"0":[4,0],"1":[1,0]},"_coverageSchema":"1a1c01bbd47fc00a2c39e90264f33305004495a9","hash":"565488e144ec0b3220aac7c0b9ea4a01b99170d5"}
,"C:\\Users\\hp\\Desktop\\dip react.js\\src\\components\\RestaurantMenu.js": {"path":"C:\\Users\\hp\\Desktop\\dip react.js\\src\\components\\RestaurantMenu.js","statementMap":{"0":{"start":{"line":8,"column":23},"end":{"line":66,"column":1}},"1":{"start":{"line":9,"column":41},"end":{"line":9,"column":53}},"2":{"start":{"line":10,"column":39},"end":{"line":10,"column":53}},"3":{"start":{"line":11,"column":20},"end":{"line":11,"column":31}},"4":{"start":{"line":12,"column":20},"end":{"line":12,"column":44}},"5":{"start":{"line":13,"column":4},"end":{"line":13,"column":47}},"6":{"start":{"line":13,"column":27},"end":{"line":13,"column":47}},"7":{"start":{"line":16,"column":20},"end":{"line":16,"column":115}},"8":{"start":{"line":19,"column":76},"end":{"line":19,"column":108}},"9":{"start":{"line":20,"column":20},"end":{"line":20,"column":36}},"10":{"start":{"line":22,"column":14},"end":{"line":22,"column":60}},"11":{"start":{"line":23,"column":27},"end":{"line":23,"column":52}},"12":{"start":{"line":28,"column":4},"end":{"line":65,"column":5}},"13":{"start":{"line":40,"column":28},"end":{"line":40,"column":57}},"14":{"start":{"line":45,"column":49},"end":{"line":45,"column":140}},"15":{"start":{"line":45,"column":75},"end":{"line":45,"column":139}},"16":{"start":{"line":46,"column":28},"end":{"line":46,"column":59}},"17":{"start":{"line":53,"column":20},"end":{"line":60,"column":22}},"18":{"start":{"line":58,"column":48},"end":{"line":58,"column":67}}},"fnMap":{"0":{"name":"(anonymous_0)","decl":{"start":{"line":8,"column":23},"end":{"line":8,"column":24}},"loc":{"start":{"line":8,"column":29},"end":{"line":66,"column":1}},"line":8},"1":{"name":"(anonymous_1)","decl":{"start":{"line":39,"column":34},"end":{"line":39,"column":35}},"loc":{"start":{"line":39,"column":39},"end":{"line":41,"column":25}},"line":39},"2":{"name":"(anonymous_2)","decl":{"start":{"line":44,"column":24},"end":{"line":44,"column":25}},"loc":{"start":{"line":44,"column":29},"end":{"line":48,"column":25}},"line":44},"3":{"name":"(anonymous_3)","decl":{"start":{"line":45,"column":66},"end":{"line":45,"column":67}},"loc":{"start":{"line":45,"column":75},"end":{"line":45,"column":139}},"line":45},"4":{"name":"(anonymous_4)","decl":{"start":{"line":51,"column":36},"end":{"line":51,"column":37}},"loc":{"start":{"line":51,"column":57},"end":{"line":61,"column":17}},"line":51},"5":{"name":"(anonymous_5)","decl":{"start":{"line":58,"column":42},"end":{"line":58,"column":43}},"loc":{"start":{"line":58,"column":48},"end":{"line":58,"column":67}},"line":58}},"branchMap":{"0":{"loc":{"start":{"line":13,"column":4},"end":{"line":13,"column":47}},"type":"if","locations":[{"start":{"line":13,"column":4},"end":{"line":13,"column":47}},{"start":{},"end":{}}],"line":13},"1":{"loc":{"start":{"line":36,"column":76},"end":{"line":36,"column":86}},"type":"binary-expr","locations":[{"start":{"line":36,"column":76},"end":{"line":36,"column":80}},{"start":{"line":36,"column":84},"end":{"line":36,"column":86}}],"line":36},"2":{"loc":{"start":{"line":57,"column":40},"end":{"line":57,"column":74}},"type":"cond-expr","locations":[{"start":{"line":57,"column":62},"end":{"line":57,"column":66}},{"start":{"line":57,"column":69},"end":{"line":57,"column":74}}],"line":57}},"s":{"0":1,"1":1,"2":1,"3":1,"4":1,"5":1,"6":1,"7":0,"8":0,"9":0,"10":0,"11":0,"12":0,"13":0,"14":0,"15":0,"16":0,"17":0,"18":0},"f":{"0":1,"1":0,"2":0,"3":0,"4":0,"5":0},"b":{"0":[1,0],"1":[0,0],"2":[0,0]},"_coverageSchema":"1a1c01bbd47fc00a2c39e90264f33305004495a9","hash":"54a218bc997d8d63702ac1cf1464ceb95a088500"}
,"C:\\Users\\hp\\Desktop\\dip react.js\\src\\components\\Restaurant_card.js": {"path":"C:\\Users\\hp\\Desktop\\dip react.js\\src\\components\\Restaurant_card.js","statementMap":{"0":{"start":{"line":2,"column":24},"end":{"line":26,"column":1}},"1":{"start":{"line":3,"column":22},"end":{"line":3,"column":27}},"2":{"start":{"line":5,"column":79},"end":{"line":5,"column":92}},"3":{"start":{"line":6,"column":24},"end":{"line":6,"column":42}},"4":{"start":{"line":8,"column":4},"end":{"line":25,"column":5}}},"fnMap":{"0":{"name":"(anonymous_0)","decl":{"start":{"line":2,"column":24},"end":{"line":2,"column":25}},"loc":{"start":{"line":2,"column":34},"end":{"line":26,"column":1}},"line":2}},"branchMap":{"0":{"loc":{"start":{"line":17,"column":25},"end":{"line":17,"column":72}},"type":"cond-expr","locations":[{"start":{"line":17,"column":48},"end":{"line":17,"column":65}},{"start":{"line":17,"column":68},"end":{"line":17,"column":72}}],"line":17},"1":{"loc":{"start":{"line":18,"column":25},"end":{"line":18,"column":56}},"type":"cond-expr","locations":[{"start":{"line":18,"column":29},"end":{"line":18,"column":40}},{"start":{"line":18,"column":41},"end":{"line":18,"column":56}}],"line":18}},"s":{"0":2,"1":44,"2":44,"3":44,"4":44},"f":{"0":44},"b":{"0":[44,0],"1":[27,17]},"_coverageSchema":"1a1c01bbd47fc00a2c39e90264f33305004495a9","hash":"85f8f55c858c50b7a1e8ab85929daae1374771a0"}
,"C:\\Users\\hp\\Desktop\\dip react.js\\src\\components\\Shimmer.js": {"path":"C:\\Users\\hp\\Desktop\\dip react.js\\src\\components\\Shimmer.js","statementMap":{"0":{"start":{"line":1,"column":16},"end":{"line":24,"column":1}},"1":{"start":{"line":2,"column":4},"end":{"line":23,"column":5}}},"fnMap":{"0":{"name":"(anonymous_0)","decl":{"start":{"line":1,"column":16},"end":{"line":1,"column":17}},"loc":{"start":{"line":1,"column":21},"end":{"line":24,"column":1}},"line":1}},"branchMap":{},"s":{"0":2,"1":3},"f":{"0":3},"b":{},"_coverageSchema":"1a1c01bbd47fc00a2c39e90264f33305004495a9","hash":"98557d508397c84a55db73c029507ba54069d40e"}
,"C:\\Users\\hp\\Desktop\\dip react.js\\src\\components\\sum.js": {"path":"C:\\Users\\hp\\Desktop\\dip react.js\\src\\components\\sum.js","statementMap":{"0":{"start":{"line":2,"column":19},"end":{"line":4,"column":1}},"1":{"start":{"line":3,"column":4},"end":{"line":3,"column":16}}},"fnMap":{"0":{"name":"(anonymous_0)","decl":{"start":{"line":2,"column":19},"end":{"line":2,"column":20}},"loc":{"start":{"line":2,"column":28},"end":{"line":4,"column":1}},"line":2}},"branchMap":{},"s":{"0":1,"1":1},"f":{"0":1},"b":{},"_coverageSchema":"1a1c01bbd47fc00a2c39e90264f33305004495a9","hash":"09dcb9c657342522155240798abfc0c203c1e2df"}
,"C:\\Users\\hp\\Desktop\\dip react.js\\src\\utils\\UserContext.js": {"path":"C:\\Users\\hp\\Desktop\\dip react.js\\src\\utils\\UserContext.js","statementMap":{"0":{"start":{"line":3,"column":20},"end":{"line":5,"column":2}}},"fnMap":{},"branchMap":{},"s":{"0":2},"f":{},"b":{},"_coverageSchema":"1a1c01bbd47fc00a2c39e90264f33305004495a9","hash":"8edb67ac8985410750d5497642da9a50282d0754"}
,"C:\\Users\\hp\\Desktop\\dip react.js\\src\\utils\\appStore.js": {"path":"C:\\Users\\hp\\Desktop\\dip react.js\\src\\utils\\appStore.js","statementMap":{"0":{"start":{"line":5,"column":17},"end":{"line":10,"column":2}}},"fnMap":{},"branchMap":{},"s":{"0":2},"f":{},"b":{},"_coverageSchema":"1a1c01bbd47fc00a2c39e90264f33305004495a9","hash":"eddae8589160f21db9fc21f3e1a061d33b238857"}
,"C:\\Users\\hp\\Desktop\\dip react.js\\src\\utils\\cartSlice.js": {"path":"C:\\Users\\hp\\Desktop\\dip react.js\\src\\utils\\cartSlice.js","statementMap":{"0":{"start":{"line":3,"column":18},"end":{"line":35,"column":2}},"1":{"start":{"line":11,"column":25},"end":{"line":11,"column":39}},"2":{"start":{"line":12,"column":33},"end":{"line":12,"column":106}},"3":{"start":{"line":12,"column":62},"end":{"line":12,"column":105}},"4":{"start":{"line":13,"column":12},"end":{"line":15,"column":13}},"5":{"start":{"line":14,"column":16},"end":{"line":14,"column":39}},"6":{"start":{"line":16,"column":12},"end":{"line":16,"column":97}},"7":{"start":{"line":19,"column":27},"end":{"line":19,"column":54}},"8":{"start":{"line":20,"column":30},"end":{"line":20,"column":89}},"9":{"start":{"line":20,"column":60},"end":{"line":20,"column":88}},"10":{"start":{"line":21,"column":12},"end":{"line":28,"column":13}},"11":{"start":{"line":22,"column":16},"end":{"line":22,"column":49}},"12":{"start":{"line":23,"column":16},"end":{"line":27,"column":17}},"13":{"start":{"line":24,"column":20},"end":{"line":24,"column":47}},"14":{"start":{"line":26,"column":20},"end":{"line":26,"column":52}},"15":{"start":{"line":31,"column":12},"end":{"line":31,"column":29}},"16":{"start":{"line":32,"column":12},"end":{"line":32,"column":34}},"17":{"start":{"line":37,"column":50},"end":{"line":37,"column":67}}},"fnMap":{"0":{"name":"(anonymous_0)","decl":{"start":{"line":10,"column":17},"end":{"line":10,"column":18}},"loc":{"start":{"line":10,"column":36},"end":{"line":17,"column":9}},"line":10},"1":{"name":"(anonymous_1)","decl":{"start":{"line":12,"column":50},"end":{"line":12,"column":51}},"loc":{"start":{"line":12,"column":62},"end":{"line":12,"column":105}},"line":12},"2":{"name":"(anonymous_2)","decl":{"start":{"line":18,"column":20},"end":{"line":18,"column":21}},"loc":{"start":{"line":18,"column":39},"end":{"line":29,"column":9}},"line":18},"3":{"name":"(anonymous_3)","decl":{"start":{"line":20,"column":52},"end":{"line":20,"column":53}},"loc":{"start":{"line":20,"column":60},"end":{"line":20,"column":88}},"line":20},"4":{"name":"(anonymous_4)","decl":{"start":{"line":30,"column":19},"end":{"line":30,"column":20}},"loc":{"start":{"line":30,"column":38},"end":{"line":33,"column":9}},"line":30}},"branchMap":{"0":{"loc":{"start":{"line":13,"column":12},"end":{"line":15,"column":13}},"type":"if","locations":[{"start":{"line":13,"column":12},"end":{"line":15,"column":13}},{"start":{},"end":{}}],"line":13},"1":{"loc":{"start":{"line":16,"column":51},"end":{"line":16,"column":91}},"type":"binary-expr","locations":[{"start":{"line":16,"column":51},"end":{"line":16,"column":86}},{"start":{"line":16,"column":90},"end":{"line":16,"column":91}}],"line":16},"2":{"loc":{"start":{"line":21,"column":12},"end":{"line":28,"column":13}},"type":"if","locations":[{"start":{"line":21,"column":12},"end":{"line":28,"column":13}},{"start":{},"end":{}}],"line":21},"3":{"loc":{"start":{"line":23,"column":16},"end":{"line":27,"column":17}},"type":"if","locations":[{"start":{"line":23,"column":16},"end":{"line":27,"column":17}},{"start":{"line":25,"column":23},"end":{"line":27,"column":17}}],"line":23}},"s":{"0":2,"1":0,"2":0,"3":0,"4":0,"5":0,"6":0,"7":0,"8":0,"9":0,"10":0,"11":0,"12":0,"13":0,"14":0,"15":0,"16":0,"17":2},"f":{"0":0,"1":0,"2":0,"3":0,"4":0},"b":{"0":[0,0],"1":[0,0],"2":[0,0],"3":[0,0]},"_coverageSchema":"1a1c01bbd47fc00a2c39e90264f33305004495a9","hash":"771408f0c5cf066a4fd060d248321cc33b71a8de"}
,"C:\\Users\\hp\\Desktop\\dip react.js\\src\\utils\\constants.js": {"path":"C:\\Users\\hp\\Desktop\\dip react.js\\src\\utils\\constants.js","statementMap":{"0":{"start":{"line":1,"column":23},"end":{"line":1,"column":106}},"1":{"start":{"line":3,"column":24},"end":{"line":3,"column":135}},"2":{"start":{"line":5,"column":24},"end":{"line":5,"column":147}},"3":{"start":{"line":7,"column":23},"end":{"line":7,"column":118}}},"fnMap":{},"branchMap":{},"s":{"0":4,"1":4,"2":4,"3":4},"f":{},"b":{},"_coverageSchema":"1a1c01bbd47fc00a2c39e90264f33305004495a9","hash":"b6a56337ae13f59ca385c875294e604ed4b6d54d"}
,"C:\\Users\\hp\\Desktop\\dip react.js\\src\\utils\\useOnlineStatus.js": {"path":"C:\\Users\\hp\\Desktop\\dip react.js\\src\\utils\\useOnlineStatus.js","statementMap":{"0":{"start":{"line":3,"column":24},"end":{"line":14,"column":1}},"1":{"start":{"line":4,"column":43},"end":{"line":4,"column":57}},"2":{"start":{"line":5,"column":4},"end":{"line":12,"column":9}},"3":{"start":{"line":6,"column":8},"end":{"line":8,"column":10}},"4":{"start":{"line":7,"column":12},"end":{"line":7,"column":34}},"5":{"start":{"line":9,"column":8},"end":{"line":11,"column":10}},"6":{"start":{"line":10,"column":12},"end":{"line":10,"column":33}},"7":{"start":{"line":13,"column":4},"end":{"line":13,"column":24}}},"fnMap":{"0":{"name":"(anonymous_0)","decl":{"start":{"line":3,"column":24},"end":{"line":3,"column":25}},"loc":{"start":{"line":3,"column":30},"end":{"line":14,"column":1}},"line":3},"1":{"name":"(anonymous_1)","decl":{"start":{"line":5,"column":14},"end":{"line":5,"column":15}},"loc":{"start":{"line":5,"column":18},"end":{"line":12,"column":5}},"line":5},"2":{"name":"(anonymous_2)","decl":{"start":{"line":6,"column":42},"end":{"line":6,"column":43}},"loc":{"start":{"line":6,"column":46},"end":{"line":8,"column":9}},"line":6},"3":{"name":"(anonymous_3)","decl":{"start":{"line":9,"column":41},"end":{"line":9,"column":42}},"loc":{"start":{"line":9,"column":45},"end":{"line":11,"column":9}},"line":9}},"branchMap":{},"s":{"0":2,"1":11,"2":11,"3":5,"4":0,"5":5,"6":0,"7":11},"f":{"0":11,"1":5,"2":0,"3":0},"b":{},"_coverageSchema":"1a1c01bbd47fc00a2c39e90264f33305004495a9","hash":"d5505f055904be3569db7e4c9e779674801538e2"}
,"C:\\Users\\hp\\Desktop\\dip react.js\\src\\utils\\useRestaurantMenu.js": {"path":"C:\\Users\\hp\\Desktop\\dip react.js\\src\\utils\\useRestaurantMenu.js","statementMap":{"0":{"start":{"line":4,"column":26},"end":{"line":15,"column":1}},"1":{"start":{"line":5,"column":33},"end":{"line":5,"column":47}},"2":{"start":{"line":6,"column":4},"end":{"line":8,"column":9}},"3":{"start":{"line":7,"column":8},"end":{"line":7,"column":19}},"4":{"start":{"line":9,"column":22},"end":{"line":13,"column":5}},"5":{"start":{"line":10,"column":21},"end":{"line":10,"column":48}},"6":{"start":{"line":11,"column":21},"end":{"line":11,"column":38}},"7":{"start":{"line":12,"column":8},"end":{"line":12,"column":29}},"8":{"start":{"line":14,"column":4},"end":{"line":14,"column":19}}},"fnMap":{"0":{"name":"(anonymous_0)","decl":{"start":{"line":4,"column":26},"end":{"line":4,"column":27}},"loc":{"start":{"line":4,"column":35},"end":{"line":15,"column":1}},"line":4},"1":{"name":"(anonymous_1)","decl":{"start":{"line":6,"column":14},"end":{"line":6,"column":15}},"loc":{"start":{"line":6,"column":18},"end":{"line":8,"column":5}},"line":6},"2":{"name":"(anonymous_2)","decl":{"start":{"line":9,"column":22},"end":{"line":9,"column":23}},"loc":{"start":{"line":9,"column":33},"end":{"line":13,"column":5}},"line":9}},"branchMap":{},"s":{"0":1,"1":1,"2":1,"3":1,"4":1,"5":1,"6":1,"7":1,"8":1},"f":{"0":1,"1":1,"2":1},"b":{},"_coverageSchema":"1a1c01bbd47fc00a2c39e90264f33305004495a9","hash":"d24f9733e9d790699176a88489c5515f1da1e74b"}
}
